Arguments: 
  C:\Program Files\nodejs\node.exe C:\Users\Dev04\AppData\Roaming\npm\node_modules\yarn\bin\yarn.js teste

PATH: 
  C:\Program Files (x86)\Common Files\Oracle\Java\javapath;C:\Windows\system32;C:\Windows;C:\Windows\System32\Wbem;C:\Windows\System32\WindowsPowerShell\v1.0\;C:\Windows\System32\OpenSSH\;C:\Program Files\Microsoft\Web Platform Installer\;C:\Program Files\Microsoft SQL Server\130\Tools\Binn\;C:\Program Files\dotnet\;C:\Program Files\Microsoft SQL Server\Client SDK\ODBC\170\Tools\Binn\;C:\Program Files\Amazon\AWSCLIV2\;C:\Program Files\Microsoft SQL Server\150\Tools\Binn\;C:\WINDOWS\system32;C:\WINDOWS;C:\WINDOWS\System32\Wbem;C:\WINDOWS\System32\WindowsPowerShell\v1.0\;C:\WINDOWS\System32\OpenSSH\;C:\Program Files\nodejs\;C:\Program Files (x86)\Microsoft SQL Server Migration Assistant for MySQL\bin\;C:\Program Files (x86)\Microsoft SQL Server\150\Tools\Binn\;C:\Program Files\Microsoft SQL Server\150\DTS\Binn\;C:\Program Files\Git\cmd;C:\xampp\php;C:\ProgramData\ComposerSetup\bin;C:\MinGW\bin;C:\Users\Dev04\AppData\Local\Programs\Python\Python310\Scripts\;C:\Users\Dev04\AppData\Local\Programs\Python\Python310\;C:\Users\Dev04\AppData\Local\Microsoft\WindowsApps;C:\Users\Dev04\.dotnet\tools;C:\Users\Dev04\AppData\Roaming\npm;C:\Users\Dev04\AppData\Roaming\Composer\vendor\bin;C:\Users\Dev04\AppData\Local\GitHubDesktop\bin;C:\Users\Dev04\AppData\Local\Programs\Microsoft VS Code\bin;C:\MinGW\bin;

Yarn version: 
  1.22.19

Node version: 
  16.17.0

Platform: 
  win32 x64

Trace: 
  SyntaxError: C:\Users\Dev04\Desktop\Projetos\Sistema_Sequencial\Data-Access-Layer\package.json: Unexpected token ` in JSON at position 351
      at JSON.parse (<anonymous>)
      at C:\Users\Dev04\AppData\Roaming\npm\node_modules\yarn\lib\cli.js:1629:59
      at Generator.next (<anonymous>)
      at step (C:\Users\Dev04\AppData\Roaming\npm\node_modules\yarn\lib\cli.js:310:30)
      at C:\Users\Dev04\AppData\Roaming\npm\node_modules\yarn\lib\cli.js:321:13

npm manifest: 
  {
    "name": "data-access-layer",
    "version": "1.0.0",
    "description": "",
    "main": "index.js",
    "scripts": {
      "postinstall": "tsc && node src/copyFile.js && npx prisma@5.13.0 generate",
      "xpto": "tsc && cp src/index.d.ts dist/index.d.ts && npx prisma@5.13.0 generate",
      "test": "echo \"Error: no test specified\" && exit 1",
      "teste": `npx prisma db pull && git add . && git commit "alter schema" && git push`
    },
    "keywords": [],
    "author": "",
    "license": "ISC",
    "devDependencies": {
      "@types/node": "^20.12.11",
      "prisma": "^5.13.0",
      "ts-node": "^10.9.2",
      "typescript": "^5.4.5"
    },
    "dependencies": {
      "@prisma/client": "^5.13.0"
    }
  }

yarn manifest: 
  No manifest

Lockfile: 
  No lockfile
